
Generate 20×1×40 triples
recv num is: 9151 and recved: 9151
send num is: 5
recv num is: 234 and recved: 234
send num is: 4
recv num is: 121 and recved: 121
send num is: 4
recv num is: 4565 and recved: 4565
send num is: 5
recv num is: 9158 and recved: 9158
send num is: 5
send num is: 3
recv num is: 9178 and recved: 9178
send num is: 5
recv num is: 230 and recved: 230
send num is: 4
recv num is: 121 and recved: 121
send num is: 4
recv num is: 4581 and recved: 4581
send num is: 5
recv num is: 9171 and recved: 9171
send num is: 5
send num is: 4599
recv num is: 3 and recved: 3
send num is: 4611
recv num is: 17 and recved: 17
No.0	Generated
recv num is: 9175 and recved: 9175
send num is: 5
recv num is: 224 and recved: 224
send num is: 4
recv num is: 122 and recved: 122
send num is: 4
recv num is: 4584 and recved: 4584
send num is: 5
recv num is: 9150 and recved: 9150
send num is: 5
send num is: 3
recv num is: 9154 and recved: 9154
send num is: 5
recv num is: 235 and recved: 235
send num is: 4
recv num is: 123 and recved: 123
send num is: 4
recv num is: 4581 and recved: 4581
send num is: 5
recv num is: 9168 and recved: 9168
send num is: 5
send num is: 4579
recv num is: 3 and recved: 3
send num is: 4598
recv num is: 18 and recved: 18
No.1	Generated
recv num is: 9161 and recved: 9161
send num is: 5
recv num is: 241 and recved: 241
send num is: 4
recv num is: 117 and recved: 117
send num is: 4
recv num is: 4611 and recved: 4611
send num is: 5
recv num is: 9195 and recved: 9195
send num is: 5
send num is: 3
recv num is: 9157 and recved: 9157
send num is: 5
recv num is: 229 and recved: 229
send num is: 4
recv num is: 118 and recved: 118
send num is: 4
recv num is: 4592 and recved: 4592
send num is: 5
recv num is: 9159 and recved: 9159
send num is: 5
send num is: 4601
recv num is: 3 and recved: 3
send num is: 4586
recv num is: 18 and recved: 18
No.2	Generated
recv num is: 9143 and recved: 9143
send num is: 5
recv num is: 237 and recved: 237
send num is: 4
recv num is: 120 and recved: 120
send num is: 4
recv num is: 4571 and recved: 4571
send num is: 5
recv num is: 9159 and recved: 9159
send num is: 5
send num is: 3
recv num is: 9117 and recved: 9117
send num is: 5
recv num is: 232 and recved: 232
send num is: 4
recv num is: 120 and recved: 120
send num is: 4
recv num is: 4577 and recved: 4577
send num is: 5
recv num is: 9168 and recved: 9168
send num is: 5
send num is: 4584
recv num is: 3 and recved: 3
send num is: 4597
recv num is: 18 and recved: 18
No.3	Generated
recv num is: 9170 and recved: 9170
send num is: 5
recv num is: 232 and recved: 232
send num is: 4
recv num is: 121 and recved: 121
send num is: 4
recv num is: 4575 and recved: 4575
send num is: 5
recv num is: 9153 and recved: 9153
send num is: 5
send num is: 3
recv num is: 9170 and recved: 9170
send num is: 5
recv num is: 238 and recved: 238
send num is: 4
recv num is: 118 and recved: 118
send num is: 4
recv num is: 4586 and recved: 4586
send num is: 5
recv num is: 9165 and recved: 9165
send num is: 5
send num is: 4582
recv num is: 3 and recved: 3
send num is: 4608
recv num is: 18 and recved: 18
No.4	Generated
recv num is: 9133 and recved: 9133
send num is: 5
recv num is: 241 and recved: 241
send num is: 4
recv num is: 120 and recved: 120
send num is: 4
recv num is: 4569 and recved: 4569
send num is: 5
recv num is: 9110 and recved: 9110
send num is: 5
send num is: 3
recv num is: 9168 and recved: 9168
send num is: 5
recv num is: 235 and recved: 235
send num is: 4
recv num is: 122 and recved: 122
send num is: 4
recv num is: 4608 and recved: 4608
send num is: 5
recv num is: 9119 and recved: 9119
send num is: 5
send num is: 4580
recv num is: 3 and recved: 3
send num is: 4588
recv num is: 18 and recved: 18
No.5	Generated
recv num is: 9164 and recved: 9164
send num is: 5
recv num is: 234 and recved: 234
send num is: 4
recv num is: 118 and recved: 118
send num is: 4
recv num is: 4591 and recved: 4591
send num is: 5
recv num is: 9143 and recved: 9143
send num is: 5
send num is: 3
recv num is: 9165 and recved: 9165
send num is: 5
recv num is: 230 and recved: 230
send num is: 4
recv num is: 118 and recved: 118
send num is: 4
recv num is: 4587 and recved: 4587
send num is: 5
recv num is: 9148 and recved: 9148
send num is: 5
send num is: 4572
recv num is: 3 and recved: 3
send num is: 4586
recv num is: 18 and recved: 18
No.6	Generated
recv num is: 9153 and recved: 9153
send num is: 5
recv num is: 235 and recved: 235
send num is: 4
recv num is: 118 and recved: 118
send num is: 4
recv num is: 4587 and recved: 4587
send num is: 5
recv num is: 9182 and recved: 9182
send num is: 5
send num is: 3
recv num is: 9171 and recved: 9171
send num is: 5
recv num is: 237 and recved: 237
send num is: 4
recv num is: 123 and recved: 123
send num is: 4
recv num is: 4577 and recved: 4577
send num is: 5
recv num is: 9209 and recved: 9209
send num is: 5
send num is: 4598
recv num is: 3 and recved: 3
send num is: 4594
recv num is: 18 and recved: 18
No.7	Generated
recv num is: 9178 and recved: 9178
send num is: 5
recv num is: 240 and recved: 240
send num is: 4
recv num is: 120 and recved: 120
send num is: 4
recv num is: 4593 and recved: 4593
send num is: 5
recv num is: 9154 and recved: 9154
send num is: 5
send num is: 3
recv num is: 9157 and recved: 9157
send num is: 5
recv num is: 232 and recved: 232
send num is: 4
recv num is: 121 and recved: 121
send num is: 4
recv num is: 4604 and recved: 4604
send num is: 5
recv num is: 9192 and recved: 9192
send num is: 5
send num is: 4588
recv num is: 3 and recved: 3
send num is: 4573
recv num is: 18 and recved: 18
No.8	Generated
recv num is: 9181 and recved: 9181
send num is: 5
recv num is: 232 and recved: 232
send num is: 4
recv num is: 118 and recved: 118
send num is: 4
recv num is: 4605 and recved: 4605
send num is: 5
recv num is: 9181 and recved: 9181
send num is: 5
send num is: 3
recv num is: 9161 and recved: 9161
send num is: 5
recv num is: 229 and recved: 229
send num is: 4
recv num is: 122 and recved: 122
send num is: 4
recv num is: 4588 and recved: 4588
send num is: 5
recv num is: 9150 and recved: 9150
send num is: 5
send num is: 4611
recv num is: 3 and recved: 3
send num is: 4607
recv num is: 18 and recved: 18
No.9	Generated
recv num is: 9189 and recved: 9189
send num is: 5
recv num is: 234 and recved: 234
send num is: 4
recv num is: 121 and recved: 121
send num is: 4
recv num is: 4581 and recved: 4581
send num is: 5
recv num is: 9209 and recved: 9209
send num is: 5
send num is: 3
recv num is: 9139 and recved: 9139
send num is: 5
recv num is: 234 and recved: 234
send num is: 4
recv num is: 118 and recved: 118
send num is: 4
recv num is: 4577 and recved: 4577
send num is: 5
recv num is: 9180 and recved: 9180
send num is: 5
send num is: 4579
recv num is: 3 and recved: 3
send num is: 4596
recv num is: 18 and recved: 18
No.10	Generated
recv num is: 9166 and recved: 9166
send num is: 5
recv num is: 238 and recved: 238
send num is: 4
recv num is: 123 and recved: 123
send num is: 4
recv num is: 4614 and recved: 4614
send num is: 5
recv num is: 9157 and recved: 9157
send num is: 5
send num is: 3
recv num is: 9156 and recved: 9156
send num is: 5
recv num is: 228 and recved: 228
send num is: 4
recv num is: 120 and recved: 120
send num is: 4
recv num is: 4594 and recved: 4594
send num is: 5
recv num is: 9157 and recved: 9157
send num is: 5
send num is: 4562
recv num is: 3 and recved: 3
send num is: 4596
recv num is: 18 and recved: 18
No.11	Generated
recv num is: 9176 and recved: 9176
send num is: 5
recv num is: 233 and recved: 233
send num is: 4
recv num is: 119 and recved: 119
send num is: 4
recv num is: 4587 and recved: 4587
send num is: 5
recv num is: 9150 and recved: 9150
send num is: 5
send num is: 3
recv num is: 9152 and recved: 9152
send num is: 5
recv num is: 240 and recved: 240
send num is: 4
recv num is: 119 and recved: 119
send num is: 4
recv num is: 4599 and recved: 4599
send num is: 5
recv num is: 9164 and recved: 9164
send num is: 5
send num is: 4603
recv num is: 3 and recved: 3
send num is: 4591
recv num is: 18 and recved: 18
No.12	Generated
recv num is: 9178 and recved: 9178
send num is: 5
recv num is: 230 and recved: 230
send num is: 4
recv num is: 118 and recved: 118
send num is: 4
recv num is: 4595 and recved: 4595
send num is: 5
recv num is: 9169 and recved: 9169
send num is: 5
send num is: 3
recv num is: 9173 and recved: 9173
send num is: 5
recv num is: 234 and recved: 234
send num is: 4
recv num is: 122 and recved: 122
send num is: 4
recv num is: 4598 and recved: 4598
send num is: 5
recv num is: 9174 and recved: 9174
send num is: 5
send num is: 4580
recv num is: 3 and recved: 3
send num is: 4540
recv num is: 18 and recved: 18
No.13	Generated
recv num is: 9169 and recved: 9169
send num is: 5
recv num is: 237 and recved: 237
send num is: 4
recv num is: 115 and recved: 115
send num is: 4
recv num is: 4594 and recved: 4594
send num is: 5
recv num is: 9187 and recved: 9187
send num is: 5
send num is: 3
recv num is: 9167 and recved: 9167
send num is: 5
recv num is: 234 and recved: 234
send num is: 4
recv num is: 120 and recved: 120
send num is: 4
recv num is: 4609 and recved: 4609
send num is: 5
recv num is: 9154 and recved: 9154
send num is: 5
send num is: 4592
recv num is: 3 and recved: 3
send num is: 4580
recv num is: 19 and recved: 19
No.14	Generated
recv num is: 9183 and recved: 9183
send num is: 5
recv num is: 228 and recved: 228
send num is: 4
recv num is: 122 and recved: 122
send num is: 4
recv num is: 4577 and recved: 4577
send num is: 5
recv num is: 9162 and recved: 9162
send num is: 5
send num is: 3
recv num is: 9161 and recved: 9161
send num is: 5
recv num is: 235 and recved: 235
send num is: 4
recv num is: 123 and recved: 123
send num is: 4
recv num is: 4600 and recved: 4600
send num is: 5
recv num is: 9168 and recved: 9168
send num is: 5
send num is: 4585
recv num is: 3 and recved: 3
send num is: 4589
recv num is: 19 and recved: 19
No.15	Generated
recv num is: 9143 and recved: 9143
send num is: 5
recv num is: 238 and recved: 238
send num is: 4
recv num is: 120 and recved: 120
send num is: 4
recv num is: 4589 and recved: 4589
send num is: 5
recv num is: 9201 and recved: 9201
send num is: 5
send num is: 3
recv num is: 9176 and recved: 9176
send num is: 5
recv num is: 233 and recved: 233
send num is: 4
recv num is: 121 and recved: 121
send num is: 4
recv num is: 4578 and recved: 4578
send num is: 5
recv num is: 9159 and recved: 9159
send num is: 5
send num is: 4587
recv num is: 3 and recved: 3
send num is: 4576
recv num is: 19 and recved: 19
No.16	Generated
recv num is: 9173 and recved: 9173
send num is: 5
recv num is: 232 and recved: 232
send num is: 4
recv num is: 122 and recved: 122
send num is: 4
recv num is: 4601 and recved: 4601
send num is: 5
recv num is: 9147 and recved: 9147
send num is: 5
send num is: 3
recv num is: 9167 and recved: 9167
send num is: 5
recv num is: 236 and recved: 236
send num is: 4
recv num is: 119 and recved: 119
send num is: 4
recv num is: 4579 and recved: 4579
send num is: 5
recv num is: 9152 and recved: 9152
send num is: 5
send num is: 4575
recv num is: 3 and recved: 3
send num is: 4569
recv num is: 19 and recved: 19
No.17	Generated
recv num is: 9166 and recved: 9166
send num is: 5
recv num is: 237 and recved: 237
send num is: 4
recv num is: 125 and recved: 125
send num is: 4
recv num is: 4600 and recved: 4600
send num is: 5
recv num is: 9180 and recved: 9180
send num is: 5
send num is: 3
recv num is: 9140 and recved: 9140
send num is: 5
recv num is: 229 and recved: 229
send num is: 4
recv num is: 121 and recved: 121
send num is: 4
recv num is: 4588 and recved: 4588
send num is: 5
recv num is: 9143 and recved: 9143
send num is: 5
send num is: 4611
recv num is: 3 and recved: 3
send num is: 4580
recv num is: 19 and recved: 19
No.18	Generated
recv num is: 9158 and recved: 9158
send num is: 5
recv num is: 238 and recved: 238
send num is: 4
recv num is: 120 and recved: 120
send num is: 4
recv num is: 4599 and recved: 4599
send num is: 5
recv num is: 9164 and recved: 9164
send num is: 5
send num is: 3
recv num is: 9170 and recved: 9170
send num is: 5
recv num is: 235 and recved: 235
send num is: 4
recv num is: 122 and recved: 122
send num is: 4
recv num is: 4592 and recved: 4592
send num is: 5
recv num is: 9144 and recved: 9144
send num is: 5
send num is: 4580
recv num is: 3 and recved: 3
send num is: 4580
recv num is: 19 and recved: 19
No.19	Generated
recv num is: 9175 and recved: 9175
send num is: 5
recv num is: 226 and recved: 226
send num is: 4
recv num is: 119 and recved: 119
send num is: 4
recv num is: 4574 and recved: 4574
send num is: 5
recv num is: 9149 and recved: 9149
send num is: 5
send num is: 3
recv num is: 9189 and recved: 9189
send num is: 5
recv num is: 232 and recved: 232
send num is: 4
recv num is: 120 and recved: 120
send num is: 4
recv num is: 4572 and recved: 4572
send num is: 5
recv num is: 9176 and recved: 9176
send num is: 5
send num is: 4559
recv num is: 3 and recved: 3
send num is: 4577
recv num is: 19 and recved: 19
No.20	Generated
recv num is: 9172 and recved: 9172
send num is: 5
recv num is: 238 and recved: 238
send num is: 4
recv num is: 119 and recved: 119
send num is: 4
recv num is: 4588 and recved: 4588
send num is: 5
recv num is: 9159 and recved: 9159
send num is: 5
send num is: 3
recv num is: 9145 and recved: 9145
send num is: 5
recv num is: 232 and recved: 232
send num is: 4
recv num is: 121 and recved: 121
send num is: 4
recv num is: 4606 and recved: 4606
send num is: 5
recv num is: 9159 and recved: 9159
send num is: 5
send num is: 4585
recv num is: 3 and recved: 3
send num is: 4610
recv num is: 19 and recved: 19
No.21	Generated
recv num is: 9164 and recved: 9164
send num is: 5
recv num is: 231 and recved: 231
send num is: 4
recv num is: 119 and recved: 119
send num is: 4
recv num is: 4594 and recved: 4594
send num is: 5
recv num is: 9125 and recved: 9125
send num is: 5
send num is: 3
recv num is: 9167 and recved: 9167
send num is: 5
recv num is: 239 and recved: 239
send num is: 4
recv num is: 117 and recved: 117
send num is: 4
recv num is: 4579 and recved: 4579
send num is: 5
recv num is: 9149 and recved: 9149
send num is: 5
send num is: 4579
recv num is: 3 and recved: 3
send num is: 4591
recv num is: 19 and recved: 19
No.22	Generated
recv num is: 9162 and recved: 9162
send num is: 5
recv num is: 234 and recved: 234
send num is: 4
recv num is: 121 and recved: 121
send num is: 4
recv num is: 4596 and recved: 4596
send num is: 5
recv num is: 9163 and recved: 9163
send num is: 5
send num is: 3
recv num is: 9191 and recved: 9191
send num is: 5
recv num is: 227 and recved: 227
send num is: 4
recv num is: 120 and recved: 120
send num is: 4
recv num is: 4605 and recved: 4605
send num is: 5
recv num is: 9177 and recved: 9177
send num is: 5
send num is: 4573
recv num is: 3 and recved: 3
send num is: 4566
recv num is: 19 and recved: 19
No.23	Generated
recv num is: 9161 and recved: 9161
send num is: 5
recv num is: 231 and recved: 231
send num is: 4
recv num is: 119 and recved: 119
send num is: 4
recv num is: 4595 and recved: 4595
send num is: 5
recv num is: 9177 and recved: 9177
send num is: 5
send num is: 3
recv num is: 9153 and recved: 9153
send num is: 5
recv num is: 236 and recved: 236
send num is: 4
recv num is: 123 and recved: 123
send num is: 4
recv num is: 4577 and recved: 4577
send num is: 5
recv num is: 9159 and recved: 9159
send num is: 5
send num is: 4578
recv num is: 3 and recved: 3
send num is: 4581
recv num is: 19 and recved: 19
No.24	Generated
recv num is: 9138 and recved: 9138
send num is: 5
recv num is: 237 and recved: 237
send num is: 4
recv num is: 119 and recved: 119
send num is: 4
recv num is: 4587 and recved: 4587
send num is: 5
recv num is: 9204 and recved: 9204
send num is: 5
send num is: 3
recv num is: 9154 and recved: 9154
send num is: 5
recv num is: 226 and recved: 226
send num is: 4
recv num is: 122 and recved: 122
send num is: 4
recv num is: 4580 and recved: 4580
send num is: 5
recv num is: 9152 and recved: 9152
send num is: 5
send num is: 4527
recv num is: 3 and recved: 3
send num is: 4602
recv num is: 19 and recved: 19
No.25	Generated
recv num is: 9189 and recved: 9189
send num is: 5
recv num is: 227 and recved: 227
send num is: 4
recv num is: 119 and recved: 119
send num is: 4
recv num is: 4575 and recved: 4575
send num is: 5
recv num is: 9160 and recved: 9160
send num is: 5
send num is: 3
recv num is: 9124 and recved: 9124
send num is: 5
recv num is: 235 and recved: 235
send num is: 4
recv num is: 121 and recved: 121
send num is: 4
recv num is: 4603 and recved: 4603
send num is: 5
recv num is: 9184 and recved: 9184
send num is: 5
send num is: 4589
recv num is: 3 and recved: 3
send num is: 4592
recv num is: 19 and recved: 19
No.26	Generated
recv num is: 9182 and recved: 9182
send num is: 5
recv num is: 231 and recved: 231
send num is: 4
recv num is: 121 and recved: 121
send num is: 4
recv num is: 4582 and recved: 4582
send num is: 5
recv num is: 9147 and recved: 9147
send num is: 5
send num is: 3
recv num is: 9174 and recved: 9174
send num is: 5
recv num is: 233 and recved: 233
send num is: 4
recv num is: 120 and recved: 120
send num is: 4
recv num is: 4595 and recved: 4595
send num is: 5
recv num is: 9200 and recved: 9200
send num is: 5
send num is: 4577
recv num is: 3 and recved: 3
send num is: 4619
recv num is: 19 and recved: 19
No.27	Generated
recv num is: 9152 and recved: 9152
send num is: 5
recv num is: 237 and recved: 237
send num is: 4
recv num is: 118 and recved: 118
send num is: 4
recv num is: 4567 and recved: 4567
send num is: 5
recv num is: 9175 and recved: 9175
send num is: 5
send num is: 3
recv num is: 9158 and recved: 9158
send num is: 5
recv num is: 240 and recved: 240
send num is: 4
recv num is: 119 and recved: 119
send num is: 4
recv num is: 4575 and recved: 4575
send num is: 5
recv num is: 9167 and recved: 9167
send num is: 5
send num is: 4598
recv num is: 3 and recved: 3
send num is: 4571
recv num is: 19 and recved: 19
No.28	Generated
recv num is: 9166 and recved: 9166
send num is: 5
recv num is: 231 and recved: 231
send num is: 4
recv num is: 122 and recved: 122
send num is: 4
recv num is: 4585 and recved: 4585
send num is: 5
recv num is: 9179 and recved: 9179
send num is: 5
send num is: 3
recv num is: 9141 and recved: 9141
send num is: 5
recv num is: 234 and recved: 234
send num is: 4
recv num is: 117 and recved: 117
send num is: 4
recv num is: 4569 and recved: 4569
send num is: 5
recv num is: 9141 and recved: 9141
send num is: 5
send num is: 4603
recv num is: 3 and recved: 3
send num is: 4593
recv num is: 19 and recved: 19
No.29	Generated
recv num is: 9160 and recved: 9160
send num is: 5
recv num is: 233 and recved: 233
send num is: 4
recv num is: 122 and recved: 122
send num is: 4
recv num is: 4572 and recved: 4572
send num is: 5
recv num is: 9175 and recved: 9175
send num is: 5
send num is: 3
recv num is: 9166 and recved: 9166
send num is: 5
recv num is: 232 and recved: 232
send num is: 4
recv num is: 120 and recved: 120
send num is: 4
recv num is: 4585 and recved: 4585
send num is: 5
recv num is: 9167 and recved: 9167
send num is: 5
send num is: 4575
recv num is: 3 and recved: 3
send num is: 4574
recv num is: 19 and recved: 19
No.30	Generated
recv num is: 9188 and recved: 9188
send num is: 5
recv num is: 234 and recved: 234
send num is: 4
recv num is: 118 and recved: 118
send num is: 4
recv num is: 4575 and recved: 4575
send num is: 5
recv num is: 9135 and recved: 9135
send num is: 5
send num is: 3
recv num is: 9159 and recved: 9159
send num is: 5
recv num is: 241 and recved: 241
send num is: 4
recv num is: 118 and recved: 118
send num is: 4
recv num is: 4609 and recved: 4609
send num is: 5
recv num is: 9167 and recved: 9167
send num is: 5
send num is: 4603
recv num is: 3 and recved: 3
send num is: 4573
recv num is: 19 and recved: 19
No.31	Generated
recv num is: 9132 and recved: 9132
send num is: 5
recv num is: 237 and recved: 237
send num is: 4
recv num is: 120 and recved: 120
send num is: 4
recv num is: 4584 and recved: 4584
send num is: 5
recv num is: 9141 and recved: 9141
send num is: 5
send num is: 3
recv num is: 9154 and recved: 9154
send num is: 5
recv num is: 232 and recved: 232
send num is: 4
recv num is: 121 and recved: 121
send num is: 4
recv num is: 4599 and recved: 4599
send num is: 5
recv num is: 9173 and recved: 9173
send num is: 5
send num is: 4601
recv num is: 3 and recved: 3
send num is: 4602
recv num is: 19 and recved: 19
No.32	Generated
recv num is: 9173 and recved: 9173
send num is: 5
recv num is: 241 and recved: 241
send num is: 4
recv num is: 120 and recved: 120
send num is: 4
recv num is: 4590 and recved: 4590
send num is: 5
recv num is: 9140 and recved: 9140
send num is: 5
send num is: 3
recv num is: 9159 and recved: 9159
send num is: 5
recv num is: 238 and recved: 238
send num is: 4
recv num is: 120 and recved: 120
send num is: 4
recv num is: 4576 and recved: 4576
send num is: 5
recv num is: 9190 and recved: 9190
send num is: 5
send num is: 4567
recv num is: 3 and recved: 3
send num is: 4583
recv num is: 19 and recved: 19
No.33	Generated
recv num is: 9190 and recved: 9190
send num is: 5
recv num is: 233 and recved: 233
send num is: 4
recv num is: 122 and recved: 122
send num is: 4
recv num is: 4590 and recved: 4590
send num is: 5
recv num is: 9157 and recved: 9157
send num is: 5
send num is: 3
recv num is: 9148 and recved: 9148
send num is: 5
recv num is: 234 and recved: 234
send num is: 4
recv num is: 120 and recved: 120
send num is: 4
recv num is: 4567 and recved: 4567
send num is: 5
recv num is: 9214 and recved: 9214
send num is: 5
send num is: 4591
recv num is: 3 and recved: 3
send num is: 4552
recv num is: 19 and recved: 19
No.34	Generated
recv num is: 9210 and recved: 9210
send num is: 5
recv num is: 237 and recved: 237
send num is: 4
recv num is: 120 and recved: 120
send num is: 4
recv num is: 4571 and recved: 4571
send num is: 5
recv num is: 9202 and recved: 9202
send num is: 5
send num is: 3
recv num is: 9142 and recved: 9142
send num is: 5
recv num is: 239 and recved: 239
send num is: 4
recv num is: 117 and recved: 117
send num is: 4
recv num is: 4556 and recved: 4556
send num is: 5
recv num is: 9152 and recved: 9152
send num is: 5
send num is: 4604
recv num is: 3 and recved: 3
send num is: 4572
recv num is: 19 and recved: 19
No.35	Generated
recv num is: 9185 and recved: 9185
send num is: 5
recv num is: 239 and recved: 239
send num is: 4
recv num is: 119 and recved: 119
send num is: 4
recv num is: 4582 and recved: 4582
send num is: 5
recv num is: 9179 and recved: 9179
send num is: 5
send num is: 3
recv num is: 9182 and recved: 9182
send num is: 5
recv num is: 241 and recved: 241
send num is: 4
recv num is: 120 and recved: 120
send num is: 4
recv num is: 4581 and recved: 4581
send num is: 5
recv num is: 9148 and recved: 9148
send num is: 5
send num is: 4569
recv num is: 3 and recved: 3
send num is: 4596
recv num is: 19 and recved: 19
No.36	Generated
recv num is: 9148 and recved: 9148
send num is: 5
recv num is: 237 and recved: 237
send num is: 4
recv num is: 122 and recved: 122
send num is: 4
recv num is: 4588 and recved: 4588
send num is: 5
recv num is: 9167 and recved: 9167
send num is: 5
send num is: 3
recv num is: 9157 and recved: 9157
send num is: 5
recv num is: 241 and recved: 241
send num is: 4
recv num is: 118 and recved: 118
send num is: 4
recv num is: 4576 and recved: 4576
send num is: 5
recv num is: 9174 and recved: 9174
send num is: 5
send num is: 4601
recv num is: 3 and recved: 3
send num is: 4608
recv num is: 19 and recved: 19
No.37	Generated
recv num is: 9177 and recved: 9177
send num is: 5
recv num is: 235 and recved: 235
send num is: 4
recv num is: 119 and recved: 119
send num is: 4
recv num is: 4589 and recved: 4589
send num is: 5
recv num is: 9164 and recved: 9164
send num is: 5
send num is: 3
recv num is: 9181 and recved: 9181
send num is: 5
recv num is: 235 and recved: 235
send num is: 4
recv num is: 118 and recved: 118
send num is: 4
recv num is: 4598 and recved: 4598
send num is: 5
recv num is: 9182 and recved: 9182
send num is: 5
send num is: 4590
recv num is: 3 and recved: 3
send num is: 4605
recv num is: 19 and recved: 19
No.38	Generated
recv num is: 9150 and recved: 9150
send num is: 5
recv num is: 237 and recved: 237
send num is: 4
recv num is: 119 and recved: 119
send num is: 4
recv num is: 4595 and recved: 4595
send num is: 5
recv num is: 9149 and recved: 9149
send num is: 5
send num is: 3
recv num is: 9172 and recved: 9172
send num is: 5
recv num is: 236 and recved: 236
send num is: 4
recv num is: 122 and recved: 122
send num is: 4
recv num is: 4597 and recved: 4597
send num is: 5
recv num is: 9209 and recved: 9209
send num is: 5
send num is: 4581
recv num is: 3 and recved: 3
send num is: 4568
recv num is: 19 and recved: 19
No.39	Generated
recv num is: 9162 and recved: 9162
send num is: 5
recv num is: 238 and recved: 238
send num is: 4
recv num is: 120 and recved: 120
send num is: 4
recv num is: 4605 and recved: 4605
send num is: 5
recv num is: 9197 and recved: 9197
send num is: 5
send num is: 3
recv num is: 9148 and recved: 9148
send num is: 5
recv num is: 234 and recved: 234
send num is: 4
recv num is: 120 and recved: 120
send num is: 4
recv num is: 4586 and recved: 4586
send num is: 5
recv num is: 9183 and recved: 9183
send num is: 5
send num is: 4597
recv num is: 3 and recved: 3
send num is: 4580
recv num is: 19 and recved: 19
No.40	Generated
recv num is: 9178 and recved: 9178
send num is: 5
recv num is: 233 and recved: 233
send num is: 4
recv num is: 119 and recved: 119
send num is: 4
recv num is: 4575 and recved: 4575
send num is: 5
recv num is: 9114 and recved: 9114
send num is: 5
send num is: 3
recv num is: 9160 and recved: 9160
send num is: 5
recv num is: 239 and recved: 239
send num is: 4
recv num is: 122 and recved: 122
send num is: 4
recv num is: 4605 and recved: 4605
send num is: 5
recv num is: 9161 and recved: 9161
send num is: 5
send num is: 4585
recv num is: 3 and recved: 3
send num is: 4575
recv num is: 19 and recved: 19
No.41	Generated
recv num is: 9158 and recved: 9158
send num is: 5
recv num is: 236 and recved: 236
send num is: 4
recv num is: 122 and recved: 122
send num is: 4
recv num is: 4581 and recved: 4581
send num is: 5
recv num is: 9137 and recved: 9137
send num is: 5
send num is: 3
recv num is: 9172 and recved: 9172
send num is: 5
recv num is: 234 and recved: 234
send num is: 4
recv num is: 121 and recved: 121
send num is: 4
recv num is: 4587 and recved: 4587
send num is: 5
recv num is: 9169 and recved: 9169
send num is: 5
send num is: 4600
recv num is: 3 and recved: 3
send num is: 4566
recv num is: 19 and recved: 19
No.42	Generated
recv num is: 9159 and recved: 9159
send num is: 5
recv num is: 235 and recved: 235
send num is: 4
recv num is: 121 and recved: 121
send num is: 4
recv num is: 4580 and recved: 4580
send num is: 5
recv num is: 9181 and recved: 9181
send num is: 5
send num is: 3
recv num is: 9183 and recved: 9183
send num is: 5
recv num is: 236 and recved: 236
send num is: 4
recv num is: 118 and recved: 118
send num is: 4
recv num is: 4579 and recved: 4579
send num is: 5
recv num is: 9157 and recved: 9157
send num is: 5
send num is: 4573
recv num is: 3 and recved: 3
send num is: 4598
recv num is: 19 and recved: 19
No.43	Generated
recv num is: 9159 and recved: 9159
send num is: 5
recv num is: 232 and recved: 232
send num is: 4
recv num is: 124 and recved: 124
send num is: 4
recv num is: 4593 and recved: 4593
send num is: 5
recv num is: 9157 and recved: 9157
send num is: 5
send num is: 3
recv num is: 9146 and recved: 9146
send num is: 5
recv num is: 232 and recved: 232
send num is: 4
recv num is: 118 and recved: 118
send num is: 4
recv num is: 4576 and recved: 4576
send num is: 5
recv num is: 9149 and recved: 9149
send num is: 5
send num is: 4610
recv num is: 3 and recved: 3
send num is: 4594
recv num is: 19 and recved: 19
No.44	Generated
recv num is: 9178 and recved: 9178
send num is: 5
recv num is: 235 and recved: 235
send num is: 4
recv num is: 117 and recved: 117
send num is: 4
recv num is: 4590 and recved: 4590
send num is: 5
recv num is: 9152 and recved: 9152
send num is: 5
send num is: 3
recv num is: 9166 and recved: 9166
send num is: 5
recv num is: 225 and recved: 225
send num is: 4
recv num is: 115 and recved: 115
send num is: 4
recv num is: 4597 and recved: 4597
send num is: 5
recv num is: 9184 and recved: 9184
send num is: 5
send num is: 4567
recv num is: 3 and recved: 3
send num is: 4564
recv num is: 19 and recved: 19
No.45	Generated
recv num is: 9167 and recved: 9167
send num is: 5
recv num is: 235 and recved: 235
send num is: 4
recv num is: 123 and recved: 123
send num is: 4
recv num is: 4580 and recved: 4580
send num is: 5
recv num is: 9171 and recved: 9171
send num is: 5
send num is: 3
recv num is: 9151 and recved: 9151
send num is: 5
recv num is: 237 and recved: 237
send num is: 4
recv num is: 117 and recved: 117
send num is: 4
recv num is: 4592 and recved: 4592
send num is: 5
recv num is: 9207 and recved: 9207
send num is: 5
send num is: 4592
recv num is: 3 and recved: 3
send num is: 4575
recv num is: 19 and recved: 19
No.46	Generated
recv num is: 9167 and recved: 9167
send num is: 5
recv num is: 237 and recved: 237
send num is: 4
recv num is: 122 and recved: 122
send num is: 4
recv num is: 4600 and recved: 4600
send num is: 5
recv num is: 9182 and recved: 9182
send num is: 5
send num is: 3
recv num is: 9170 and recved: 9170
send num is: 5
recv num is: 234 and recved: 234
send num is: 4
recv num is: 117 and recved: 117
send num is: 4
recv num is: 4585 and recved: 4585
send num is: 5
recv num is: 9185 and recved: 9185
send num is: 5
send num is: 4602
recv num is: 3 and recved: 3
send num is: 4574
recv num is: 19 and recved: 19
No.47	Generated
recv num is: 9170 and recved: 9170
send num is: 5
recv num is: 239 and recved: 239
send num is: 4
recv num is: 120 and recved: 120
send num is: 4
recv num is: 4584 and recved: 4584
send num is: 5
recv num is: 9188 and recved: 9188
send num is: 5
send num is: 3
recv num is: 9188 and recved: 9188
send num is: 5
recv num is: 229 and recved: 229
send num is: 4
recv num is: 120 and recved: 120
send num is: 4
recv num is: 4613 and recved: 4613
send num is: 5
recv num is: 9174 and recved: 9174
send num is: 5
send num is: 4580
recv num is: 3 and recved: 3
send num is: 4576
recv num is: 19 and recved: 19
No.48	Generated
recv num is: 9157 and recved: 9157
send num is: 5
recv num is: 233 and recved: 233
send num is: 4
recv num is: 122 and recved: 122
send num is: 4
recv num is: 4602 and recved: 4602
send num is: 5
recv num is: 9160 and recved: 9160
send num is: 5
send num is: 3
recv num is: 9126 and recved: 9126
send num is: 5
recv num is: 235 and recved: 235
send num is: 4
recv num is: 122 and recved: 122
send num is: 4
recv num is: 4589 and recved: 4589
send num is: 5
recv num is: 9134 and recved: 9134
send num is: 5
send num is: 4572
recv num is: 3 and recved: 3
send num is: 4605
recv num is: 19 and recved: 19
No.49	Generated
recv num is: 9163 and recved: 9163
send num is: 5
recv num is: 235 and recved: 235
send num is: 4
recv num is: 120 and recved: 120
send num is: 4
recv num is: 4590 and recved: 4590
send num is: 5
recv num is: 9151 and recved: 9151
send num is: 5
send num is: 3
recv num is: 9199 and recved: 9199
send num is: 5
recv num is: 232 and recved: 232
send num is: 4
recv num is: 118 and recved: 118
send num is: 4
recv num is: 4581 and recved: 4581
send num is: 5
recv num is: 9174 and recved: 9174
send num is: 5
send num is: 4601
recv num is: 3 and recved: 3
send num is: 4582
recv num is: 19 and recved: 19
No.50	Generated
recv num is: 9172 and recved: 9172
send num is: 5
recv num is: 237 and recved: 237
send num is: 4
recv num is: 119 and recved: 119
send num is: 4
recv num is: 4561 and recved: 4561
send num is: 5
recv num is: 9163 and recved: 9163
send num is: 5
send num is: 3
recv num is: 9168 and recved: 9168
send num is: 5
recv num is: 229 and recved: 229
send num is: 4
recv num is: 118 and recved: 118
send num is: 4
recv num is: 4591 and recved: 4591
send num is: 5
recv num is: 9163 and recved: 9163
send num is: 5
send num is: 4568
recv num is: 3 and recved: 3
send num is: 4578
recv num is: 19 and recved: 19
No.51	Generated
recv num is: 9168 and recved: 9168
send num is: 5
recv num is: 236 and recved: 236
send num is: 4
recv num is: 119 and recved: 119
send num is: 4
recv num is: 4600 and recved: 4600
send num is: 5
recv num is: 9190 and recved: 9190
send num is: 5
send num is: 3
recv num is: 9145 and recved: 9145
send num is: 5
recv num is: 235 and recved: 235
send num is: 4
recv num is: 122 and recved: 122
send num is: 4
recv num is: 4557 and recved: 4557
send num is: 5
recv num is: 9148 and recved: 9148
send num is: 5
send num is: 4578
recv num is: 3 and recved: 3
send num is: 4575
recv num is: 19 and recved: 19
No.52	Generated
recv num is: 9176 and recved: 9176
send num is: 5
recv num is: 235 and recved: 235
send num is: 4
recv num is: 124 and recved: 124
send num is: 4
recv num is: 4537 and recved: 4537
send num is: 5
recv num is: 9145 and recved: 9145
send num is: 5
send num is: 3
recv num is: 9151 and recved: 9151
send num is: 5
recv num is: 233 and recved: 233
send num is: 4
recv num is: 121 and recved: 121
send num is: 4
recv num is: 4589 and recved: 4589
send num is: 5
recv num is: 9162 and recved: 9162
send num is: 5
send num is: 4579
recv num is: 3 and recved: 3
send num is: 4590
recv num is: 19 and recved: 19
No.53	Generated
recv num is: 9197 and recved: 9197
send num is: 5
recv num is: 237 and recved: 237
send num is: 4
recv num is: 121 and recved: 121
send num is: 4
recv num is: 4609 and recved: 4609
send num is: 5
recv num is: 9168 and recved: 9168
send num is: 5
send num is: 3
recv num is: 9140 and recved: 9140
send num is: 5
recv num is: 232 and recved: 232
send num is: 4
recv num is: 119 and recved: 119
send num is: 4
recv num is: 4595 and recved: 4595
send num is: 5
recv num is: 9161 and recved: 9161
send num is: 5
send num is: 4584
recv num is: 3 and recved: 3
send num is: 4553
recv num is: 19 and recved: 19
No.54	Generated
recv num is: 9170 and recved: 9170
send num is: 5
recv num is: 231 and recved: 231
send num is: 4
recv num is: 120 and recved: 120
send num is: 4
recv num is: 4588 and recved: 4588
send num is: 5
recv num is: 9213 and recved: 9213
send num is: 5
send num is: 3
recv num is: 9150 and recved: 9150
send num is: 5
recv num is: 236 and recved: 236
send num is: 4
recv num is: 118 and recved: 118
send num is: 4
recv num is: 4602 and recved: 4602
send num is: 5
recv num is: 9170 and recved: 9170
send num is: 5
send num is: 4587
recv num is: 3 and recved: 3
send num is: 4604
recv num is: 19 and recved: 19
No.55	Generated
recv num is: 9175 and recved: 9175
send num is: 5
recv num is: 237 and recved: 237
send num is: 4
recv num is: 122 and recved: 122
send num is: 4
recv num is: 4599 and recved: 4599
send num is: 5
recv num is: 9179 and recved: 9179
send num is: 5
send num is: 3
recv num is: 9194 and recved: 9194
send num is: 5
recv num is: 233 and recved: 233
send num is: 4
recv num is: 120 and recved: 120
send num is: 4
recv num is: 4584 and recved: 4584
send num is: 5
recv num is: 9180 and recved: 9180
send num is: 5
send num is: 4581
recv num is: 3 and recved: 3
send num is: 4594
recv num is: 19 and recved: 19
No.56	Generated
recv num is: 9167 and recved: 9167
send num is: 5
recv num is: 237 and recved: 237
send num is: 4
recv num is: 119 and recved: 119
send num is: 4
recv num is: 4557 and recved: 4557
send num is: 5
recv num is: 9126 and recved: 9126
send num is: 5
send num is: 3
recv num is: 9158 and recved: 9158
send num is: 5
recv num is: 231 and recved: 231
send num is: 4
recv num is: 121 and recved: 121
send num is: 4
recv num is: 4578 and recved: 4578
send num is: 5
recv num is: 9173 and recved: 9173
send num is: 5
send num is: 4587
recv num is: 3 and recved: 3
send num is: 4580
recv num is: 19 and recved: 19
No.57	Generated
recv num is: 9128 and recved: 9128
send num is: 5
recv num is: 235 and recved: 235
send num is: 4
recv num is: 119 and recved: 119
send num is: 4
recv num is: 4578 and recved: 4578
send num is: 5
recv num is: 9170 and recved: 9170
send num is: 5
send num is: 3
recv num is: 9190 and recved: 9190
send num is: 5
recv num is: 227 and recved: 227
send num is: 4
recv num is: 121 and recved: 121
send num is: 4
recv num is: 4579 and recved: 4579
send num is: 5
recv num is: 9154 and recved: 9154
send num is: 5
send num is: 4553
recv num is: 3 and recved: 3
send num is: 4584
recv num is: 19 and recved: 19
No.58	Generated
recv num is: 9147 and recved: 9147
send num is: 5
recv num is: 233 and recved: 233
send num is: 4
recv num is: 119 and recved: 119
send num is: 4
recv num is: 4587 and recved: 4587
send num is: 5
recv num is: 9192 and recved: 9192
send num is: 5
send num is: 3
recv num is: 9199 and recved: 9199
send num is: 5
recv num is: 234 and recved: 234
send num is: 4
recv num is: 121 and recved: 121
send num is: 4
recv num is: 4557 and recved: 4557
send num is: 5
recv num is: 9176 and recved: 9176
send num is: 5
send num is: 4628
recv num is: 3 and recved: 3
send num is: 4562
recv num is: 19 and recved: 19
No.59	Generated
recv num is: 9150 and recved: 9150
send num is: 5
recv num is: 229 and recved: 229
send num is: 4
recv num is: 119 and recved: 119
send num is: 4
recv num is: 4600 and recved: 4600
send num is: 5
recv num is: 9165 and recved: 9165
send num is: 5
send num is: 3
recv num is: 9150 and recved: 9150
send num is: 5
recv num is: 231 and recved: 231
send num is: 4
recv num is: 118 and recved: 118
send num is: 4
recv num is: 4589 and recved: 4589
send num is: 5
recv num is: 9180 and recved: 9180
send num is: 5
send num is: 4586
recv num is: 3 and recved: 3
send num is: 4615
recv num is: 19 and recved: 19
No.60	Generated
recv num is: 9108 and recved: 9108
send num is: 5
recv num is: 234 and recved: 234
send num is: 4
recv num is: 120 and recved: 120
send num is: 4
recv num is: 4574 and recved: 4574
send num is: 5
recv num is: 9135 and recved: 9135
send num is: 5
send num is: 3
recv num is: 9169 and recved: 9169
send num is: 5
recv num is: 233 and recved: 233
send num is: 4
recv num is: 121 and recved: 121
send num is: 4
recv num is: 4598 and recved: 4598
send num is: 5
recv num is: 9152 and recved: 9152
send num is: 5
send num is: 4562
recv num is: 3 and recved: 3
send num is: 4584
recv num is: 19 and recved: 19
No.61	Generated
recv num is: 9153 and recved: 9153
send num is: 5
recv num is: 233 and recved: 233
send num is: 4
recv num is: 119 and recved: 119
send num is: 4
recv num is: 4583 and recved: 4583
send num is: 5
recv num is: 9166 and recved: 9166
send num is: 5
send num is: 3
recv num is: 9155 and recved: 9155
send num is: 5
recv num is: 235 and recved: 235
send num is: 4
recv num is: 120 and recved: 120
send num is: 4
recv num is: 4601 and recved: 4601
send num is: 5
recv num is: 9176 and recved: 9176
send num is: 5
send num is: 4595
recv num is: 3 and recved: 3
send num is: 4618
recv num is: 19 and recved: 19
No.62	Generated
recv num is: 9201 and recved: 9201
send num is: 5
recv num is: 231 and recved: 231
send num is: 4
recv num is: 121 and recved: 121
send num is: 4
recv num is: 4565 and recved: 4565
send num is: 5
recv num is: 9142 and recved: 9142
send num is: 5
send num is: 3
recv num is: 9129 and recved: 9129
send num is: 5
recv num is: 237 and recved: 237
send num is: 4
recv num is: 117 and recved: 117
send num is: 4
recv num is: 4581 and recved: 4581
send num is: 5
recv num is: 9152 and recved: 9152
send num is: 5
send num is: 4599
recv num is: 3 and recved: 3
send num is: 4583
recv num is: 19 and recved: 19
No.63	Generated
recv num is: 9136 and recved: 9136
send num is: 5
recv num is: 228 and recved: 228
send num is: 4
recv num is: 117 and recved: 117
send num is: 4
recv num is: 4567 and recved: 4567
send num is: 5
recv num is: 9180 and recved: 9180
send num is: 5
send num is: 3
recv num is: 9174 and recved: 9174
send num is: 5
recv num is: 234 and recved: 234
send num is: 4
recv num is: 121 and recved: 121
send num is: 4
recv num is: 4594 and recved: 4594
send num is: 5
recv num is: 9178 and recved: 9178
send num is: 5
send num is: 4560
recv num is: 3 and recved: 3
send num is: 4572
recv num is: 19 and recved: 19
No.64	Generated
recv num is: 9152 and recved: 9152
send num is: 5
recv num is: 235 and recved: 235
send num is: 4
recv num is: 121 and recved: 121
send num is: 4
recv num is: 4577 and recved: 4577
send num is: 5
recv num is: 9181 and recved: 9181
send num is: 5
send num is: 3
recv num is: 9163 and recved: 9163
send num is: 5
recv num is: 239 and recved: 239
send num is: 4
recv num is: 118 and recved: 118
send num is: 4
recv num is: 4603 and recved: 4603
send num is: 5
recv num is: 9169 and recved: 9169
send num is: 5
send num is: 4579
recv num is: 3 and recved: 3
send num is: 4569
recv num is: 19 and recved: 19
No.65	Generated
recv num is: 9206 and recved: 9206
send num is: 5
recv num is: 237 and recved: 237
send num is: 4
recv num is: 121 and recved: 121
send num is: 4
recv num is: 4588 and recved: 4588
send num is: 5
recv num is: 9188 and recved: 9188
send num is: 5
send num is: 3
recv num is: 9143 and recved: 9143
send num is: 5
recv num is: 232 and recved: 232
send num is: 4
recv num is: 119 and recved: 119
send num is: 4
recv num is: 4573 and recved: 4573
send num is: 5
recv num is: 9149 and recved: 9149
send num is: 5
send num is: 4605
recv num is: 3 and recved: 3
send num is: 4569
recv num is: 19 and recved: 19
No.66	Generated
recv num is: 9159 and recved: 9159
send num is: 5
recv num is: 231 and recved: 231
send num is: 4
recv num is: 120 and recved: 120
send num is: 4
recv num is: 4609 and recved: 4609
send num is: 5
recv num is: 9179 and recved: 9179
send num is: 5
send num is: 3
recv num is: 9155 and recved: 9155
send num is: 5
recv num is: 232 and recved: 232
send num is: 4
recv num is: 119 and recved: 119
send num is: 4
recv num is: 4590 and recved: 4590
send num is: 5
recv num is: 9173 and recved: 9173
send num is: 5
send num is: 4586
recv num is: 3 and recved: 3
send num is: 4590
recv num is: 19 and recved: 19
No.67	Generated
recv num is: 9203 and recved: 9203
send num is: 5
recv num is: 238 and recved: 238
send num is: 4
recv num is: 122 and recved: 122
send num is: 4
recv num is: 4574 and recved: 4574
send num is: 5
recv num is: 9169 and recved: 9169
send num is: 5
send num is: 3
recv num is: 9189 and recved: 9189
send num is: 5
recv num is: 235 and recved: 235
send num is: 4
recv num is: 113 and recved: 113
send num is: 4
recv num is: 4564 and recved: 4564
send num is: 5
recv num is: 9191 and recved: 9191
send num is: 5
send num is: 4599
recv num is: 3 and recved: 3
send num is: 4573
recv num is: 19 and recved: 19
No.68	Generated
recv num is: 9164 and recved: 9164
send num is: 5
recv num is: 236 and recved: 236
send num is: 4
recv num is: 119 and recved: 119
send num is: 4
recv num is: 4620 and recved: 4620
send num is: 5
recv num is: 9200 and recved: 9200
send num is: 5
send num is: 3
recv num is: 9131 and recved: 9131
send num is: 5
recv num is: 231 and recved: 231
send num is: 4
recv num is: 121 and recved: 121
send num is: 4
recv num is: 4591 and recved: 4591
send num is: 5
recv num is: 9159 and recved: 9159
send num is: 5
send num is: 4604
recv num is: 3 and recved: 3
send num is: 4583
recv num is: 19 and recved: 19
No.69	Generated
recv num is: 9130 and recved: 9130
send num is: 5
recv num is: 234 and recved: 234
send num is: 4
recv num is: 117 and recved: 117
send num is: 4
recv num is: 4577 and recved: 4577
send num is: 5
recv num is: 9132 and recved: 9132
send num is: 5
send num is: 3
recv num is: 9209 and recved: 9209
send num is: 5
recv num is: 232 and recved: 232
send num is: 4
recv num is: 120 and recved: 120
send num is: 4
recv num is: 4565 and recved: 4565
send num is: 5
recv num is: 9159 and recved: 9159
send num is: 5
send num is: 4567
recv num is: 3 and recved: 3
send num is: 4595
recv num is: 19 and recved: 19
No.70	Generated
recv num is: 9168 and recved: 9168
send num is: 5
recv num is: 233 and recved: 233
send num is: 4
recv num is: 114 and recved: 114
send num is: 4
recv num is: 4598 and recved: 4598
send num is: 5
recv num is: 9175 and recved: 9175
send num is: 5
send num is: 3
recv num is: 9194 and recved: 9194
send num is: 5
recv num is: 226 and recved: 226
send num is: 4
recv num is: 123 and recved: 123
send num is: 4
recv num is: 4591 and recved: 4591
send num is: 5
recv num is: 9144 and recved: 9144
send num is: 5
send num is: 4594
recv num is: 3 and recved: 3
send num is: 4601
recv num is: 19 and recved: 19
No.71	Generated
recv num is: 9175 and recved: 9175
send num is: 5
recv num is: 236 and recved: 236
send num is: 4
recv num is: 116 and recved: 116
send num is: 4
recv num is: 4595 and recved: 4595
send num is: 5
recv num is: 9160 and recved: 9160
send num is: 5
send num is: 3
recv num is: 9154 and recved: 9154
send num is: 5
recv num is: 233 and recved: 233
send num is: 4
recv num is: 123 and recved: 123
send num is: 4
recv num is: 4602 and recved: 4602
send num is: 5
recv num is: 9154 and recved: 9154
send num is: 5
send num is: 4568
recv num is: 3 and recved: 3
send num is: 4596
recv num is: 19 and recved: 19
No.72	Generated
recv num is: 9181 and recved: 9181
send num is: 5
recv num is: 229 and recved: 229
send num is: 4
recv num is: 123 and recved: 123
send num is: 4
recv num is: 4588 and recved: 4588
send num is: 5
recv num is: 9196 and recved: 9196
send num is: 5
send num is: 3
recv num is: 9175 and recved: 9175
send num is: 5
recv num is: 231 and recved: 231
send num is: 4
recv num is: 119 and recved: 119
send num is: 4
recv num is: 4601 and recved: 4601
send num is: 5
recv num is: 9202 and recved: 9202
send num is: 5
send num is: 4595
recv num is: 3 and recved: 3
send num is: 4604
recv num is: 19 and recved: 19
No.73	Generated
recv num is: 9142 and recved: 9142
send num is: 5
recv num is: 230 and recved: 230
send num is: 4
recv num is: 119 and recved: 119
send num is: 4
recv num is: 4584 and recved: 4584
send num is: 5
recv num is: 9173 and recved: 9173
send num is: 5
send num is: 3
recv num is: 9182 and recved: 9182
send num is: 5
recv num is: 234 and recved: 234
send num is: 4
recv num is: 118 and recved: 118
send num is: 4
recv num is: 4596 and recved: 4596
send num is: 5
recv num is: 9140 and recved: 9140
send num is: 5
send num is: 4587
recv num is: 3 and recved: 3
send num is: 4586
recv num is: 19 and recved: 19
No.74	Generated
recv num is: 9177 and recved: 9177
send num is: 5
recv num is: 234 and recved: 234
send num is: 4
recv num is: 122 and recved: 122
send num is: 4
recv num is: 4560 and recved: 4560
send num is: 5
recv num is: 9208 and recved: 9208
send num is: 5
send num is: 3
recv num is: 9166 and recved: 9166
send num is: 5
recv num is: 231 and recved: 231
send num is: 4
recv num is: 118 and recved: 118
send num is: 4
recv num is: 4587 and recved: 4587
send num is: 5
recv num is: 9171 and recved: 9171
send num is: 5
send num is: 4609
recv num is: 3 and recved: 3
send num is: 4600
recv num is: 19 and recved: 19
No.75	Generated
recv num is: 9165 and recved: 9165
send num is: 5
recv num is: 237 and recved: 237
send num is: 4
recv num is: 116 and recved: 116
send num is: 4
recv num is: 4587 and recved: 4587
send num is: 5
recv num is: 9161 and recved: 9161
send num is: 5
send num is: 3
recv num is: 9179 and recved: 9179
send num is: 5
recv num is: 235 and recved: 235
send num is: 4
recv num is: 120 and recved: 120
send num is: 4
recv num is: 4564 and recved: 4564
send num is: 5
recv num is: 9179 and recved: 9179
send num is: 5
send num is: 4609
recv num is: 3 and recved: 3
send num is: 4557
recv num is: 19 and recved: 19
No.76	Generated
recv num is: 9166 and recved: 9166
send num is: 5
recv num is: 235 and recved: 235
send num is: 4
recv num is: 121 and recved: 121
send num is: 4
recv num is: 4593 and recved: 4593
send num is: 5
recv num is: 9156 and recved: 9156
send num is: 5
send num is: 3
recv num is: 9122 and recved: 9122
send num is: 5
recv num is: 233 and recved: 233
send num is: 4
recv num is: 124 and recved: 124
send num is: 4
recv num is: 4575 and recved: 4575
send num is: 5
recv num is: 9181 and recved: 9181
send num is: 5
send num is: 4609
recv num is: 3 and recved: 3
send num is: 4573
recv num is: 19 and recved: 19
No.77	Generated
recv num is: 9188 and recved: 9188
send num is: 5
recv num is: 231 and recved: 231
send num is: 4
recv num is: 122 and recved: 122
send num is: 4
recv num is: 4571 and recved: 4571
send num is: 5
recv num is: 9168 and recved: 9168
send num is: 5
send num is: 3
recv num is: 9176 and recved: 9176
send num is: 5
recv num is: 231 and recved: 231
send num is: 4
recv num is: 119 and recved: 119
send num is: 4
recv num is: 4566 and recved: 4566
send num is: 5
recv num is: 9160 and recved: 9160
send num is: 5
send num is: 4583
recv num is: 3 and recved: 3
send num is: 4578
recv num is: 19 and recved: 19
No.78	Generated
recv num is: 9171 and recved: 9171
send num is: 5
recv num is: 232 and recved: 232
send num is: 4
recv num is: 120 and recved: 120
send num is: 4
recv num is: 4611 and recved: 4611
send num is: 5
recv num is: 9159 and recved: 9159
send num is: 5
send num is: 3
recv num is: 9132 and recved: 9132
send num is: 5
recv num is: 232 and recved: 232
send num is: 4
recv num is: 120 and recved: 120
send num is: 4
recv num is: 4550 and recved: 4550
send num is: 5
recv num is: 9147 and recved: 9147
send num is: 5
send num is: 4578
recv num is: 3 and recved: 3
send num is: 4589
recv num is: 19 and recved: 19
No.79	Generated
recv num is: 9174 and recved: 9174
send num is: 5
recv num is: 235 and recved: 235
send num is: 4
recv num is: 119 and recved: 119
send num is: 4
recv num is: 4593 and recved: 4593
send num is: 5
recv num is: 9178 and recved: 9178
send num is: 5
send num is: 3
recv num is: 9146 and recved: 9146
send num is: 5
recv num is: 234 and recved: 234
send num is: 4
recv num is: 123 and recved: 123
send num is: 4
recv num is: 4580 and recved: 4580
send num is: 5
recv num is: 9181 and recved: 9181
send num is: 5
send num is: 4593
recv num is: 3 and recved: 3
send num is: 4584
recv num is: 19 and recved: 19
No.80	Generated
recv num is: 9154 and recved: 9154
send num is: 5
recv num is: 235 and recved: 235
send num is: 4
recv num is: 120 and recved: 120
send num is: 4
recv num is: 4575 and recved: 4575
send num is: 5
recv num is: 9145 and recved: 9145
send num is: 5
send num is: 3
recv num is: 9164 and recved: 9164
send num is: 5
recv num is: 233 and recved: 233
send num is: 4
recv num is: 118 and recved: 118
send num is: 4
recv num is: 4606 and recved: 4606
send num is: 5
recv num is: 9156 and recved: 9156
send num is: 5
send num is: 4605
recv num is: 3 and recved: 3
send num is: 4604
recv num is: 19 and recved: 19
No.81	Generated
recv num is: 9167 and recved: 9167
send num is: 5
recv num is: 234 and recved: 234
send num is: 4
recv num is: 118 and recved: 118
send num is: 4
recv num is: 4583 and recved: 4583
send num is: 5
recv num is: 9187 and recved: 9187
send num is: 5
send num is: 3
recv num is: 9205 and recved: 9205
send num is: 5
recv num is: 233 and recved: 233
send num is: 4
recv num is: 120 and recved: 120
send num is: 4
recv num is: 4584 and recved: 4584
send num is: 5
recv num is: 9151 and recved: 9151
send num is: 5
send num is: 4598
recv num is: 3 and recved: 3
send num is: 4578
recv num is: 19 and recved: 19
No.82	Generated
recv num is: 9183 and recved: 9183
send num is: 5
recv num is: 238 and recved: 238
send num is: 4
recv num is: 120 and recved: 120
send num is: 4
recv num is: 4583 and recved: 4583
send num is: 5
recv num is: 9135 and recved: 9135
send num is: 5
send num is: 3
recv num is: 9165 and recved: 9165
send num is: 5
recv num is: 236 and recved: 236
send num is: 4
recv num is: 122 and recved: 122
send num is: 4
recv num is: 4583 and recved: 4583
send num is: 5
recv num is: 9206 and recved: 9206
send num is: 5
send num is: 4562
recv num is: 3 and recved: 3
send num is: 4587
recv num is: 19 and recved: 19
No.83	Generated
recv num is: 9161 and recved: 9161
send num is: 5
recv num is: 237 and recved: 237
send num is: 4
recv num is: 117 and recved: 117
send num is: 4
recv num is: 4598 and recved: 4598
send num is: 5
recv num is: 9154 and recved: 9154
send num is: 5
send num is: 3
recv num is: 9183 and recved: 9183
send num is: 5
recv num is: 236 and recved: 236
send num is: 4
recv num is: 117 and recved: 117
send num is: 4
recv num is: 4594 and recved: 4594
send num is: 5
recv num is: 9180 and recved: 9180
send num is: 5
send num is: 4611
recv num is: 3 and recved: 3
send num is: 4600
recv num is: 19 and recved: 19
No.84	Generated
recv num is: 9163 and recved: 9163
send num is: 5
recv num is: 234 and recved: 234
send num is: 4
recv num is: 120 and recved: 120
send num is: 4
recv num is: 4580 and recved: 4580
send num is: 5
recv num is: 9178 and recved: 9178
send num is: 5
send num is: 3
recv num is: 9146 and recved: 9146
send num is: 5
recv num is: 226 and recved: 226
send num is: 4
recv num is: 122 and recved: 122
send num is: 4
recv num is: 4584 and recved: 4584
send num is: 5
recv num is: 9170 and recved: 9170
send num is: 5
send num is: 4605
recv num is: 3 and recved: 3
send num is: 4582
recv num is: 19 and recved: 19
No.85	Generated
recv num is: 9144 and recved: 9144
send num is: 5
recv num is: 241 and recved: 241
send num is: 4
recv num is: 116 and recved: 116
send num is: 4
recv num is: 4583 and recved: 4583
send num is: 5
recv num is: 9205 and recved: 9205
send num is: 5
send num is: 3
recv num is: 9136 and recved: 9136
send num is: 5
recv num is: 239 and recved: 239
send num is: 4
recv num is: 122 and recved: 122
send num is: 4
recv num is: 4601 and recved: 4601
send num is: 5
recv num is: 9171 and recved: 9171
send num is: 5
send num is: 4574
recv num is: 3 and recved: 3
send num is: 4571
recv num is: 19 and recved: 19
No.86	Generated
recv num is: 9188 and recved: 9188
send num is: 5
recv num is: 233 and recved: 233
send num is: 4
recv num is: 117 and recved: 117
send num is: 4
recv num is: 4597 and recved: 4597
send num is: 5
recv num is: 9175 and recved: 9175
send num is: 5
send num is: 3
recv num is: 9130 and recved: 9130
send num is: 5
recv num is: 227 and recved: 227
send num is: 4
recv num is: 116 and recved: 116
send num is: 4
recv num is: 4557 and recved: 4557
send num is: 5
recv num is: 9127 and recved: 9127
send num is: 5
send num is: 4570
recv num is: 3 and recved: 3
send num is: 4567
recv num is: 19 and recved: 19
No.87	Generated
recv num is: 9168 and recved: 9168
send num is: 5
recv num is: 240 and recved: 240
send num is: 4
recv num is: 120 and recved: 120
send num is: 4
recv num is: 4583 and recved: 4583
send num is: 5
recv num is: 9158 and recved: 9158
send num is: 5
send num is: 3
recv num is: 9191 and recved: 9191
send num is: 5
recv num is: 239 and recved: 239
send num is: 4
recv num is: 120 and recved: 120
send num is: 4
recv num is: 4583 and recved: 4583
send num is: 5
recv num is: 9184 and recved: 9184
send num is: 5
send num is: 4588
recv num is: 3 and recved: 3
send num is: 4567
recv num is: 19 and recved: 19
No.88	Generated
recv num is: 9158 and recved: 9158
send num is: 5
recv num is: 235 and recved: 235
send num is: 4
recv num is: 119 and recved: 119
send num is: 4
recv num is: 4583 and recved: 4583
send num is: 5
recv num is: 9152 and recved: 9152
send num is: 5
send num is: 3
recv num is: 9156 and recved: 9156
send num is: 5
recv num is: 231 and recved: 231
send num is: 4
recv num is: 119 and recved: 119
send num is: 4
recv num is: 4578 and recved: 4578
send num is: 5
recv num is: 9186 and recved: 9186
send num is: 5
send num is: 4609
recv num is: 3 and recved: 3
send num is: 4563
recv num is: 19 and recved: 19
No.89	Generated
recv num is: 9170 and recved: 9170
send num is: 5
recv num is: 236 and recved: 236
send num is: 4
recv num is: 118 and recved: 118
send num is: 4
recv num is: 4585 and recved: 4585
send num is: 5
recv num is: 9155 and recved: 9155
send num is: 5
send num is: 3
recv num is: 9162 and recved: 9162
send num is: 5
recv num is: 238 and recved: 238
send num is: 4
recv num is: 122 and recved: 122
send num is: 4
recv num is: 4581 and recved: 4581
send num is: 5
recv num is: 9133 and recved: 9133
send num is: 5
send num is: 4594
recv num is: 3 and recved: 3
send num is: 4570
recv num is: 19 and recved: 19
No.90	Generated
recv num is: 9122 and recved: 9122
send num is: 5
recv num is: 231 and recved: 231
send num is: 4
recv num is: 121 and recved: 121
send num is: 4
recv num is: 4574 and recved: 4574
send num is: 5
recv num is: 9204 and recved: 9204
send num is: 5
send num is: 3
recv num is: 9170 and recved: 9170
send num is: 5
recv num is: 235 and recved: 235
send num is: 4
recv num is: 121 and recved: 121
send num is: 4
recv num is: 4562 and recved: 4562
send num is: 5
recv num is: 9180 and recved: 9180
send num is: 5
send num is: 4589
recv num is: 3 and recved: 3
send num is: 4593
recv num is: 19 and recved: 19
No.91	Generated
recv num is: 9167 and recved: 9167
send num is: 5
recv num is: 230 and recved: 230
send num is: 4
recv num is: 121 and recved: 121
send num is: 4
recv num is: 4576 and recved: 4576
send num is: 5
recv num is: 9177 and recved: 9177
send num is: 5
send num is: 3
recv num is: 9171 and recved: 9171
send num is: 5
recv num is: 235 and recved: 235
send num is: 4
recv num is: 122 and recved: 122
send num is: 4
recv num is: 4579 and recved: 4579
send num is: 5
recv num is: 9140 and recved: 9140
send num is: 5
send num is: 4581
recv num is: 3 and recved: 3
send num is: 4596
recv num is: 19 and recved: 19
No.92	Generated
recv num is: 9203 and recved: 9203
send num is: 5
recv num is: 237 and recved: 237
send num is: 4
recv num is: 120 and recved: 120
send num is: 4
recv num is: 4585 and recved: 4585
send num is: 5
recv num is: 9175 and recved: 9175
send num is: 5
send num is: 3
recv num is: 9165 and recved: 9165
send num is: 5
recv num is: 234 and recved: 234
send num is: 4
recv num is: 124 and recved: 124
send num is: 4
recv num is: 4584 and recved: 4584
send num is: 5
recv num is: 9147 and recved: 9147
send num is: 5
send num is: 4565
recv num is: 3 and recved: 3
send num is: 4590
recv num is: 19 and recved: 19
No.93	Generated
recv num is: 9117 and recved: 9117
send num is: 5
recv num is: 234 and recved: 234
send num is: 4
recv num is: 115 and recved: 115
send num is: 4
recv num is: 4577 and recved: 4577
send num is: 5
recv num is: 9137 and recved: 9137
send num is: 5
send num is: 3
recv num is: 9169 and recved: 9169
send num is: 5
recv num is: 231 and recved: 231
send num is: 4
recv num is: 121 and recved: 121
send num is: 4
recv num is: 4586 and recved: 4586
send num is: 5
recv num is: 9186 and recved: 9186
send num is: 5
send num is: 4599
recv num is: 3 and recved: 3
send num is: 4579
recv num is: 19 and recved: 19
No.94	Generated
recv num is: 9111 and recved: 9111
send num is: 5
recv num is: 230 and recved: 230
send num is: 4
recv num is: 118 and recved: 118
send num is: 4
recv num is: 4594 and recved: 4594
send num is: 5
recv num is: 9168 and recved: 9168
send num is: 5
send num is: 3
recv num is: 9180 and recved: 9180
send num is: 5
recv num is: 233 and recved: 233
send num is: 4
recv num is: 119 and recved: 119
send num is: 4
recv num is: 4586 and recved: 4586
send num is: 5
recv num is: 9182 and recved: 9182
send num is: 5
send num is: 4613
recv num is: 3 and recved: 3
send num is: 4593
recv num is: 19 and recved: 19
No.95	Generated
recv num is: 9143 and recved: 9143
send num is: 5
recv num is: 238 and recved: 238
send num is: 4
recv num is: 119 and recved: 119
send num is: 4
recv num is: 4577 and recved: 4577
send num is: 5
recv num is: 9161 and recved: 9161
send num is: 5
send num is: 3
recv num is: 9174 and recved: 9174
send num is: 5
recv num is: 234 and recved: 234
send num is: 4
recv num is: 121 and recved: 121
send num is: 4
recv num is: 4612 and recved: 4612
send num is: 5
recv num is: 9156 and recved: 9156
send num is: 5
send num is: 4585
recv num is: 3 and recved: 3
send num is: 4603
recv num is: 19 and recved: 19
No.96	Generated
recv num is: 9127 and recved: 9127
send num is: 5
recv num is: 230 and recved: 230
send num is: 4
recv num is: 121 and recved: 121
send num is: 4
recv num is: 4594 and recved: 4594
send num is: 5
recv num is: 9154 and recved: 9154
send num is: 5
send num is: 3
recv num is: 9180 and recved: 9180
send num is: 5
recv num is: 235 and recved: 235
send num is: 4
recv num is: 117 and recved: 117
send num is: 4
recv num is: 4587 and recved: 4587
send num is: 5
recv num is: 9174 and recved: 9174
send num is: 5
send num is: 4564
recv num is: 3 and recved: 3
send num is: 4592
recv num is: 19 and recved: 19
No.97	Generated
recv num is: 9167 and recved: 9167
send num is: 5
recv num is: 230 and recved: 230
send num is: 4
recv num is: 118 and recved: 118
send num is: 4
recv num is: 4573 and recved: 4573
send num is: 5
recv num is: 9198 and recved: 9198
send num is: 5
send num is: 3
recv num is: 9190 and recved: 9190
send num is: 5
recv num is: 232 and recved: 232
send num is: 4
recv num is: 120 and recved: 120
send num is: 4
recv num is: 4601 and recved: 4601
send num is: 5
recv num is: 9162 and recved: 9162
send num is: 5
send num is: 4604
recv num is: 3 and recved: 3
send num is: 4596
recv num is: 19 and recved: 19
No.98	Generated
recv num is: 9143 and recved: 9143
send num is: 5
recv num is: 234 and recved: 234
send num is: 4
recv num is: 121 and recved: 121
send num is: 4
recv num is: 4585 and recved: 4585
send num is: 5
recv num is: 9149 and recved: 9149
send num is: 5
send num is: 3
recv num is: 9165 and recved: 9165
send num is: 5
recv num is: 238 and recved: 238
send num is: 4
recv num is: 123 and recved: 123
send num is: 4
recv num is: 4590 and recved: 4590
send num is: 5
recv num is: 9207 and recved: 9207
send num is: 5
send num is: 4585
recv num is: 3 and recved: 3
send num is: 4594
recv num is: 19 and recved: 19
No.99	Generated

triples OK
